2017-05-01T12:21:12+00:00 INFO Queuing 3.0.0 - wc_update_300_webhooks
2017-05-01T12:21:12+00:00 INFO Queuing 3.0.0 - wc_update_300_grouped_products
2017-05-01T12:21:12+00:00 INFO Queuing 3.0.0 - wc_update_300_settings
2017-05-01T12:21:12+00:00 INFO Queuing 3.0.0 - wc_update_300_product_visibility
2017-05-01T12:21:12+00:00 INFO Queuing 3.0.0 - wc_update_300_db_version
2017-05-01T12:21:13+00:00 INFO Running wc_update_300_webhooks callback
2017-05-01T12:21:13+00:00 INFO Finished wc_update_300_webhooks callback
2017-05-01T12:21:13+00:00 INFO Running wc_update_300_grouped_products callback
2017-05-01T12:21:13+00:00 INFO Finished wc_update_300_grouped_products callback
2017-05-01T12:21:13+00:00 INFO Running wc_update_300_settings callback
2017-05-01T12:21:13+00:00 INFO Finished wc_update_300_settings callback
2017-05-01T12:21:13+00:00 INFO Running wc_update_300_product_visibility callback
2017-05-01T12:21:13+00:00 INFO Finished wc_update_300_product_visibility callback
2017-05-01T12:21:13+00:00 INFO Running wc_update_300_db_version callback
2017-05-01T12:21:13+00:00 INFO Finished wc_update_300_db_version callback
2017-05-01T12:21:13+00:00 INFO Data update complete
2017-09-28T16:11:20+00:00 INFO Queuing 3.1.0 - wc_update_310_downloadable_products
2017-09-28T16:11:20+00:00 INFO Queuing 3.1.0 - wc_update_310_old_comments
2017-09-28T16:11:20+00:00 INFO Queuing 3.1.0 - wc_update_310_db_version
2017-09-28T16:11:20+00:00 INFO Queuing 3.1.2 - wc_update_312_shop_manager_capabilities
2017-09-28T16:11:20+00:00 INFO Queuing 3.1.2 - wc_update_312_db_version
2017-09-28T16:11:21+00:00 INFO Running wc_update_310_downloadable_products callback
2017-09-28T16:11:21+00:00 INFO Finished wc_update_310_downloadable_products callback
2017-09-28T16:11:21+00:00 INFO Running wc_update_310_old_comments callback
2017-09-28T16:11:21+00:00 INFO Finished wc_update_310_old_comments callback
2017-09-28T16:11:21+00:00 INFO Running wc_update_310_db_version callback
2017-09-28T16:11:21+00:00 INFO Finished wc_update_310_db_version callback
2017-09-28T16:11:21+00:00 INFO Running wc_update_312_shop_manager_capabilities callback
2017-09-28T16:11:21+00:00 INFO Finished wc_update_312_shop_manager_capabilities callback
2017-09-28T16:11:21+00:00 INFO Running wc_update_312_db_version callback
2017-09-28T16:11:21+00:00 INFO Finished wc_update_312_db_version callback
2017-09-28T16:11:21+00:00 INFO Data update complete
